<?xml version="1.0" encoding="UTF-8"?>
<testsuite xmlns:xsi="http://www.w3.org/2001/XMLSchema-instance" xsi:noNamespaceSchemaLocation="https://maven.apache.org/surefire/maven-surefire-plugin/xsd/surefire-test-report.xsd" name="com.nnk.springboot.ServiceTest.TradeServiceTests" time="4.759" tests="5" errors="0" skipped="0" failures="0">
  <properties>
[...]
</properties>
  <testcase name="testFindAll" classname="com.nnk.springboot.ServiceTest.TradeServiceTests" time="0.031"/>
  <testcase name="testSave" classname="com.nnk.springboot.ServiceTest.TradeServiceTests" time="0.016"/>
  <testcase name="testFindById" classname="com.nnk.springboot.ServiceTest.TradeServiceTests" time="0.015"/>
  <testcase name="testFindByIdNotFound" classname="com.nnk.springboot.ServiceTest.TradeServiceTests" time="0.016"/>
  <testcase name="testDelete" classname="com.nnk.springboot.ServiceTest.TradeServiceTests" time="0"/>
</testsuite>